Determining if the function sgemm_ exists failed with the following output:
Change Dir: C:/Users/dan/Documents/GitHub/symmetry_detector/build/CMakeFiles/CMakeScratch/TryCompile-d1xz8s

Run Build Command(s):C:/Program Files/Microsoft Visual Studio/2022/Community/MSBuild/Current/Bin/amd64/MSBuild.exe cmTC_66142.vcxproj /p:Configuration=Debug /p:Platform=x64 /p:VisualStudioVersion=17.0 /v:m && MSBuild version 17.3.1+2badb37d1 for .NET Framework

  Microsoft (R) C/C++ Optimizing Compiler Version 19.33.31630 for x64

  CheckFunctionExists.c

  Copyright (C) Microsoft Corporation.  All rights reserved.

  cl /c /Zi /W3 /WX- /diagnostics:column /Od /Ob0 /D _MBCS /D WIN32 /D _WINDOWS /D CHECK_FUNCTION_EXISTS=sgemm_ /D "CMAKE_INTDIR=\"Debug\"" /Gm- /RTC1 /MDd /GS /fp:precise /Zc:wchar_t /Zc:forScope /Zc:inline /Fo"cmTC_66142.dir\Debug\\" /Fd"cmTC_66142.dir\Debug\vc143.pdb" /external:W3 /Gd /TC /errorReport:queue "C:\Users\dan\Documents\GitHub\symmetry_detector\build\CMakeFiles\CMakeScratch\TryCompile-d1xz8s\CheckFunctionExists.c"

CheckFunctionExists.obj : error LNK2019: unresolved external symbol sgemm_ referenced in function main [C:\Users\dan\Documents\GitHub\symmetry_detector\build\CMakeFiles\CMakeScratch\TryCompile-d1xz8s\cmTC_66142.vcxproj]

C:\Users\dan\Documents\GitHub\symmetry_detector\build\CMakeFiles\CMakeScratch\TryCompile-d1xz8s\Debug\cmTC_66142.exe : fatal error LNK1120: 1 unresolved externals [C:\Users\dan\Documents\GitHub\symmetry_detector\build\CMakeFiles\CMakeScratch\TryCompile-d1xz8s\cmTC_66142.vcxproj]




Performing C SOURCE FILE Test CMAKE_HAVE_LIBC_PTHREAD failed with the following output:
Change Dir: C:/Users/dan/Documents/GitHub/symmetry_detector/build/CMakeFiles/CMakeScratch/TryCompile-ftvpkm

Run Build Command(s):C:/Program Files/Microsoft Visual Studio/2022/Community/MSBuild/Current/Bin/amd64/MSBuild.exe cmTC_6e4f4.vcxproj /p:Configuration=Debug /p:Platform=x64 /p:VisualStudioVersion=17.0 /v:m && MSBuild version 17.3.1+2badb37d1 for .NET Framework

  Microsoft (R) C/C++ Optimizing Compiler Version 19.33.31630 for x64

  src.c

  Copyright (C) Microsoft Corporation.  All rights reserved.

  cl /c /Zi /W3 /WX- /diagnostics:column /Od /Ob0 /D _MBCS /D WIN32 /D _WINDOWS /D CMAKE_HAVE_LIBC_PTHREAD /D "CMAKE_INTDIR=\"Debug\"" /Gm- /RTC1 /MDd /GS /fp:precise /Zc:wchar_t /Zc:forScope /Zc:inline /Fo"cmTC_6e4f4.dir\Debug\\" /Fd"cmTC_6e4f4.dir\Debug\vc143.pdb" /external:W3 /Gd /TC /errorReport:queue "C:\Users\dan\Documents\GitHub\symmetry_detector\build\CMakeFiles\CMakeScratch\TryCompile-ftvpkm\src.c"

C:\Users\dan\Documents\GitHub\symmetry_detector\build\CMakeFiles\CMakeScratch\TryCompile-ftvpkm\src.c(1,10): fatal  error C1083: Cannot open include file: 'pthread.h': No such file or directory [C:\Users\dan\Documents\GitHub\symmetry_detector\build\CMakeFiles\CMakeScratch\TryCompile-ftvpkm\cmTC_6e4f4.vcxproj]



Source file was:
#include <pthread.h>

static void* test_func(void* data)
{
  return data;
}

int main(void)
{
  pthread_t thread;
  pthread_create(&thread, NULL, test_func, NULL);
  pthread_detach(thread);
  pthread_cancel(thread);
  pthread_join(thread, NULL);
  pthread_atfork(NULL, NULL, NULL);
  pthread_exit(NULL);

  return 0;
}


Determining if the function pthread_create exists in the pthreads failed with the following output:
Change Dir: C:/Users/dan/Documents/GitHub/symmetry_detector/build/CMakeFiles/CMakeScratch/TryCompile-osweep

Run Build Command(s):C:/Program Files/Microsoft Visual Studio/2022/Community/MSBuild/Current/Bin/amd64/MSBuild.exe cmTC_1febb.vcxproj /p:Configuration=Debug /p:Platform=x64 /p:VisualStudioVersion=17.0 /v:m && MSBuild version 17.3.1+2badb37d1 for .NET Framework

  Microsoft (R) C/C++ Optimizing Compiler Version 19.33.31630 for x64

  CheckFunctionExists.c

  Copyright (C) Microsoft Corporation.  All rights reserved.

  cl /c /Zi /W3 /WX- /diagnostics:column /Od /Ob0 /D _MBCS /D WIN32 /D _WINDOWS /D CHECK_FUNCTION_EXISTS=pthread_create /D "CMAKE_INTDIR=\"Debug\"" /Gm- /RTC1 /MDd /GS /fp:precise /Zc:wchar_t /Zc:forScope /Zc:inline /Fo"cmTC_1febb.dir\Debug\\" /Fd"cmTC_1febb.dir\Debug\vc143.pdb" /external:W3 /Gd /TC /errorReport:queue "C:\Users\dan\Documents\GitHub\symmetry_detector\build\CMakeFiles\CMakeScratch\TryCompile-osweep\CheckFunctionExists.c"

LINK : fatal error LNK1104: cannot open file 'pthreads.lib' [C:\Users\dan\Documents\GitHub\symmetry_detector\build\CMakeFiles\CMakeScratch\TryCompile-osweep\cmTC_1febb.vcxproj]




Determining if the function pthread_create exists in the pthread failed with the following output:
Change Dir: C:/Users/dan/Documents/GitHub/symmetry_detector/build/CMakeFiles/CMakeScratch/TryCompile-sf0sps

Run Build Command(s):C:/Program Files/Microsoft Visual Studio/2022/Community/MSBuild/Current/Bin/amd64/MSBuild.exe cmTC_1fc84.vcxproj /p:Configuration=Debug /p:Platform=x64 /p:VisualStudioVersion=17.0 /v:m && MSBuild version 17.3.1+2badb37d1 for .NET Framework

  Microsoft (R) C/C++ Optimizing Compiler Version 19.33.31630 for x64

  CheckFunctionExists.c

  Copyright (C) Microsoft Corporation.  All rights reserved.

  cl /c /Zi /W3 /WX- /diagnostics:column /Od /Ob0 /D _MBCS /D WIN32 /D _WINDOWS /D CHECK_FUNCTION_EXISTS=pthread_create /D "CMAKE_INTDIR=\"Debug\"" /Gm- /RTC1 /MDd /GS /fp:precise /Zc:wchar_t /Zc:forScope /Zc:inline /Fo"cmTC_1fc84.dir\Debug\\" /Fd"cmTC_1fc84.dir\Debug\vc143.pdb" /external:W3 /Gd /TC /errorReport:queue "C:\Users\dan\Documents\GitHub\symmetry_detector\build\CMakeFiles\CMakeScratch\TryCompile-sf0sps\CheckFunctionExists.c"

LINK : fatal error LNK1104: cannot open file 'pthread.lib' [C:\Users\dan\Documents\GitHub\symmetry_detector\build\CMakeFiles\CMakeScratch\TryCompile-sf0sps\cmTC_1fc84.vcxproj]




